E:\LAP TRINH\PROJECTS\DIRECTX\MARIO_NAM2\DEMODIRECTX7\DEMODIRECTX\DEBUG\BULLET.OBJ
E:\LAP TRINH\PROJECTS\DIRECTX\MARIO_NAM2\DEMODIRECTX7\DEMODIRECTX\DEBUG\BUSH.OBJ
E:\LAP TRINH\PROJECTS\DIRECTX\MARIO_NAM2\DEMODIRECTX7\DEMODIRECTX\DEBUG\ENEMY.OBJ
E:\LAP TRINH\PROJECTS\DIRECTX\MARIO_NAM2\DEMODIRECTX7\DEMODIRECTX\DEBUG\LAND.OBJ
E:\LAP TRINH\PROJECTS\DIRECTX\MARIO_NAM2\DEMODIRECTX7\DEMODIRECTX\DEBUG\MUSHLIFE.OBJ
E:\LAP TRINH\PROJECTS\DIRECTX\MARIO_NAM2\DEMODIRECTX7\DEMODIRECTX\DEBUG\MUSHROOM.OBJ
E:\LAP TRINH\PROJECTS\DIRECTX\MARIO_NAM2\DEMODIRECTX7\DEMODIRECTX\DEBUG\QUESTION.OBJ
E:\LAP TRINH\PROJECTS\DIRECTX\MARIO_NAM2\DEMODIRECTX7\DEMODIRECTX\DEBUG\STAR.OBJ
E:\LAP TRINH\PROJECTS\DIRECTX\MARIO_NAM2\DEMODIRECTX7\DEMODIRECTX\DEBUG\TURTLE.OBJ
E:\LAP TRINH\PROJECTS\DIRECTX\MARIO_NAM2\DEMODIRECTX7\DEMODIRECTX\DEBUG\CUSRECT.OBJ
E:\LAP TRINH\PROJECTS\DIRECTX\MARIO_NAM2\DEMODIRECTX7\DEMODIRECTX\DEBUG\FRAGBRICK.OBJ
E:\LAP TRINH\PROJECTS\DIRECTX\MARIO_NAM2\DEMODIRECTX7\DEMODIRECTX\DEBUG\GAME.OBJ
E:\LAP TRINH\PROJECTS\DIRECTX\MARIO_NAM2\DEMODIRECTX7\DEMODIRECTX\DEBUG\MARIO.OBJ
E:\LAP TRINH\PROJECTS\DIRECTX\MARIO_NAM2\DEMODIRECTX7\DEMODIRECTX\DEBUG\MARIOGAME.OBJ
E:\LAP TRINH\PROJECTS\DIRECTX\MARIO_NAM2\DEMODIRECTX7\DEMODIRECTX\DEBUG\QUADTREE.OBJ
E:\LAP TRINH\PROJECTS\DIRECTX\MARIO_NAM2\DEMODIRECTX7\DEMODIRECTX\DEBUG\QUADTREENODE.OBJ
E:\LAP TRINH\PROJECTS\DIRECTX\MARIO_NAM2\DEMODIRECTX7\DEMODIRECTX\DEBUG\STATICOBJECT.OBJ
E:\LAP TRINH\PROJECTS\DIRECTX\MARIO_NAM2\DEMODIRECTX7\DEMODIRECTX\DEBUG\UTILS.OBJ
E:\LAP TRINH\PROJECTS\DIRECTX\MARIO_NAM2\DEMODIRECTX7\DEMODIRECTX\DEBUG\WINMAN.OBJ
E:\LAP TRINH\PROJECTS\DIRECTX\MARIO_NAM2\DEMODIRECTX7\DEMODIRECTX\DEBUG\SPRITE.OBJ
E:\LAP TRINH\PROJECTS\DIRECTX\MARIO_NAM2\DEMODIRECTX7\DEMODIRECTX\DEBUG\BLOCK.OBJ
E:\LAP TRINH\PROJECTS\DIRECTX\MARIO_NAM2\DEMODIRECTX7\DEMODIRECTX\DEBUG\BLOCK1.OBJ
E:\LAP TRINH\PROJECTS\DIRECTX\MARIO_NAM2\DEMODIRECTX7\DEMODIRECTX\DEBUG\BRICK.OBJ
E:\LAP TRINH\PROJECTS\DIRECTX\MARIO_NAM2\DEMODIRECTX7\DEMODIRECTX\DEBUG\VC110.PDB
E:\LAP TRINH\PROJECTS\DIRECTX\MARIO_NAM2\DEMODIRECTX7\DEMODIRECTX\DEBUG\COIN.OBJ
E:\LAP TRINH\PROJECTS\DIRECTX\MARIO_NAM2\DEMODIRECTX7\DEMODIRECTX\DEBUG\COIN1.OBJ
E:\LAP TRINH\PROJECTS\DIRECTX\MARIO_NAM2\DEMODIRECTX7\DEMODIRECTX\DEBUG\EATO.OBJ
E:\LAP TRINH\PROJECTS\DIRECTX\MARIO_NAM2\DEMODIRECTX7\DEMODIRECTX\DEBUG\PIPE.OBJ
E:\LAP TRINH\PROJECTS\DIRECTX\MARIO_NAM2\DEMODIRECTX7\DEMODIRECTX\DEBUG\PIPE1.OBJ
E:\LAP TRINH\PROJECTS\DIRECTX\MARIO_NAM2\DEMODIRECTX8\DEMODIRECTX\DEBUG\CUSRECT.OBJ
E:\LAP TRINH\PROJECTS\DIRECTX\MARIO_NAM2\DEMODIRECTX8\DEMODIRECTX\DEBUG\UTILS.OBJ
E:\LAP TRINH\PROJECTS\DIRECTX\MARIO_NAM2\DEMODIRECTX8\DEMODIRECTX\DEBUG\VC110.PDB
E:\LAP TRINH\PROJECTS\DIRECTX\MARIO_NAM2\DEMODIRECTX8\DEMODIRECTX\DEBUG\MAPIO.OBJ
E:\LAP TRINH\PROJECTS\DIRECTX\MARIO_NAM2\DEMODIRECTX8\DEMODIRECTX\DEBUG\MARIOGAME.OBJ
E:\LAP TRINH\PROJECTS\DIRECTX\MARIO_NAM2\DEMODIRECTX8\DEMODIRECTX\DEBUG\QUADTREE.OBJ
E:\LAP TRINH\PROJECTS\DIRECTX\MARIO_NAM2\DEMODIRECTX8\DEMODIRECTX\DEBUG\STATICOBJECT.OBJ
E:\LAP TRINH\PROJECTS\DIRECTX\MARIO_NAM2\DEMODIRECTX8\DEMODIRECTX\DEBUG\EATO.OBJ
E:\LAP TRINH\PROJECTS\DIRECTX\MARIO_NAM2\DEMODIRECTX8\DEMODIRECTX\DEBUG\ENEMY.OBJ
E:\LAP TRINH\PROJECTS\DIRECTX\MARIO_NAM2\DEMODIRECTX8\DEMODIRECTX\DEBUG\FRAGBRICK.OBJ
E:\LAP TRINH\PROJECTS\DIRECTX\MARIO_NAM2\DEMODIRECTX8\DEMODIRECTX\DEBUG\GAME.OBJ
E:\LAP TRINH\PROJECTS\DIRECTX\MARIO_NAM2\DEMODIRECTX8\DEMODIRECTX\DEBUG\LAND.OBJ
E:\LAP TRINH\PROJECTS\DIRECTX\MARIO_NAM2\DEMODIRECTX8\DEMODIRECTX\DEBUG\MUSHLIFE.OBJ
E:\LAP TRINH\PROJECTS\DIRECTX\MARIO_NAM2\DEMODIRECTX8\DEMODIRECTX\DEBUG\MUSHROOM.OBJ
E:\LAP TRINH\PROJECTS\DIRECTX\MARIO_NAM2\DEMODIRECTX8\DEMODIRECTX\DEBUG\PIPE.OBJ
E:\LAP TRINH\PROJECTS\DIRECTX\MARIO_NAM2\DEMODIRECTX8\DEMODIRECTX\DEBUG\PIPE1.OBJ
E:\LAP TRINH\PROJECTS\DIRECTX\MARIO_NAM2\DEMODIRECTX8\DEMODIRECTX\DEBUG\QUADTREENODE.OBJ
E:\LAP TRINH\PROJECTS\DIRECTX\MARIO_NAM2\DEMODIRECTX8\DEMODIRECTX\DEBUG\QUESTION.OBJ
E:\LAP TRINH\PROJECTS\DIRECTX\MARIO_NAM2\DEMODIRECTX8\DEMODIRECTX\DEBUG\SPRITE.OBJ
E:\LAP TRINH\PROJECTS\DIRECTX\MARIO_NAM2\DEMODIRECTX8\DEMODIRECTX\DEBUG\STAR.OBJ
E:\LAP TRINH\PROJECTS\DIRECTX\MARIO_NAM2\DEMODIRECTX8\DEMODIRECTX\DEBUG\TURTLE.OBJ
E:\LAP TRINH\PROJECTS\DIRECTX\MARIO_NAM2\DEMODIRECTX8\DEMODIRECTX\DEBUG\WINMAN.OBJ
E:\LAP TRINH\PROJECTS\DIRECTX\MARIO_NAM2\DEMODIRECTX8\DEMODIRECTX\DEBUG\BLOCK.OBJ
E:\LAP TRINH\PROJECTS\DIRECTX\MARIO_NAM2\DEMODIRECTX8\DEMODIRECTX\DEBUG\BLOCK1.OBJ
E:\LAP TRINH\PROJECTS\DIRECTX\MARIO_NAM2\DEMODIRECTX8\DEMODIRECTX\DEBUG\BRICK.OBJ
E:\LAP TRINH\PROJECTS\DIRECTX\MARIO_NAM2\DEMODIRECTX8\DEMODIRECTX\DEBUG\BULLET.OBJ
E:\LAP TRINH\PROJECTS\DIRECTX\MARIO_NAM2\DEMODIRECTX8\DEMODIRECTX\DEBUG\BUSH.OBJ
E:\LAP TRINH\PROJECTS\DIRECTX\MARIO_NAM2\DEMODIRECTX8\DEMODIRECTX\DEBUG\COIN.OBJ
E:\LAP TRINH\PROJECTS\DIRECTX\MARIO_NAM2\DEMODIRECTX8\DEMODIRECTX\DEBUG\COIN1.OBJ
E:\LAP TRINH\PROJECTS\DIRECTX\MARIO_NAM2\DEMODIRECTX8\DEMODIRECTX\DEBUG\MARIO.OBJ
E:\LAP TRINH\PROJECTS\DIRECTX\MARIO_NAM2\DEMODIRECTX7\DEBUG\DEMODIRECTX.ILK
E:\LAP TRINH\PROJECTS\DIRECTX\MARIO_NAM2\DEMODIRECTX7\DEBUG\DEMODIRECTX.EXE
E:\LAP TRINH\PROJECTS\DIRECTX\MARIO_NAM2\DEMODIRECTX7\DEBUG\DEMODIRECTX.PDB
E:\LAP TRINH\PROJECTS\DIRECTX\MARIO_NAM2\DEMODIRECTX8\DEBUG\DEMODIRECTX.ILK
E:\LAP TRINH\PROJECTS\DIRECTX\MARIO_NAM2\DEMODIRECTX8\DEBUG\DEMODIRECTX.EXE
E:\LAP TRINH\PROJECTS\DIRECTX\MARIO_NAM2\DEMODIRECTX8\DEBUG\DEMODIRECTX.PDB
E:\Lap trinh\Projects\DirectX\MariO_nam2\DemoDirectX8\DemoDirectX\Debug\Block.obj
E:\Lap trinh\Projects\DirectX\MariO_nam2\DemoDirectX8\DemoDirectX\Debug\Block1.obj
E:\Lap trinh\Projects\DirectX\MariO_nam2\DemoDirectX8\DemoDirectX\Debug\Brick.obj
E:\Lap trinh\Projects\DirectX\MariO_nam2\DemoDirectX8\DemoDirectX\Debug\Bullet.obj
E:\Lap trinh\Projects\DirectX\MariO_nam2\DemoDirectX8\DemoDirectX\Debug\Bush.obj
E:\Lap trinh\Projects\DirectX\MariO_nam2\DemoDirectX8\DemoDirectX\Debug\Coin.obj
E:\Lap trinh\Projects\DirectX\MariO_nam2\DemoDirectX8\DemoDirectX\Debug\Coin1.obj
E:\Lap trinh\Projects\DirectX\MariO_nam2\DemoDirectX8\DemoDirectX\Debug\CusRect.obj
E:\Lap trinh\Projects\DirectX\MariO_nam2\DemoDirectX8\DemoDirectX\Debug\Eato.obj
E:\Lap trinh\Projects\DirectX\MariO_nam2\DemoDirectX8\DemoDirectX\Debug\Enemy.obj
E:\Lap trinh\Projects\DirectX\MariO_nam2\DemoDirectX8\DemoDirectX\Debug\FragBrick.obj
E:\Lap trinh\Projects\DirectX\MariO_nam2\DemoDirectX8\DemoDirectX\Debug\Game.obj
E:\Lap trinh\Projects\DirectX\MariO_nam2\DemoDirectX8\DemoDirectX\Debug\Land.obj
E:\Lap trinh\Projects\DirectX\MariO_nam2\DemoDirectX8\DemoDirectX\Debug\MapIO.obj
E:\Lap trinh\Projects\DirectX\MariO_nam2\DemoDirectX8\DemoDirectX\Debug\MarioGame.obj
E:\Lap trinh\Projects\DirectX\MariO_nam2\DemoDirectX8\DemoDirectX\Debug\MushLife.obj
E:\Lap trinh\Projects\DirectX\MariO_nam2\DemoDirectX8\DemoDirectX\Debug\MushRoom.obj
E:\Lap trinh\Projects\DirectX\MariO_nam2\DemoDirectX8\DemoDirectX\Debug\Pipe.obj
E:\Lap trinh\Projects\DirectX\MariO_nam2\DemoDirectX8\DemoDirectX\Debug\Pipe1.obj
E:\Lap trinh\Projects\DirectX\MariO_nam2\DemoDirectX8\DemoDirectX\Debug\QuadTree.obj
E:\Lap trinh\Projects\DirectX\MariO_nam2\DemoDirectX8\DemoDirectX\Debug\QuadTreeNode.obj
E:\Lap trinh\Projects\DirectX\MariO_nam2\DemoDirectX8\DemoDirectX\Debug\Question.obj
E:\Lap trinh\Projects\DirectX\MariO_nam2\DemoDirectX8\DemoDirectX\Debug\Sprite.obj
E:\Lap trinh\Projects\DirectX\MariO_nam2\DemoDirectX8\DemoDirectX\Debug\Star.obj
E:\Lap trinh\Projects\DirectX\MariO_nam2\DemoDirectX8\DemoDirectX\Debug\StaticObject.obj
E:\Lap trinh\Projects\DirectX\MariO_nam2\DemoDirectX8\DemoDirectX\Debug\Turtle.obj
E:\Lap trinh\Projects\DirectX\MariO_nam2\DemoDirectX8\DemoDirectX\Debug\utils.obj
E:\Lap trinh\Projects\DirectX\MariO_nam2\DemoDirectX8\DemoDirectX\Debug\winman.obj
E:\Lap trinh\Projects\DirectX\MariO_nam2\DemoDirectX8\DemoDirectX\Debug\cl.command.1.tlog
E:\Lap trinh\Projects\DirectX\MariO_nam2\DemoDirectX8\DemoDirectX\Debug\CL.read.1.tlog
E:\Lap trinh\Projects\DirectX\MariO_nam2\DemoDirectX8\DemoDirectX\Debug\CL.write.1.tlog
E:\Lap trinh\Projects\DirectX\MariO_nam2\DemoDirectX8\DemoDirectX\Debug\link-cvtres.read.1.tlog
E:\Lap trinh\Projects\DirectX\MariO_nam2\DemoDirectX8\DemoDirectX\Debug\link-cvtres.write.1.tlog
E:\Lap trinh\Projects\DirectX\MariO_nam2\DemoDirectX8\DemoDirectX\Debug\link-rc.read.1.tlog
E:\Lap trinh\Projects\DirectX\MariO_nam2\DemoDirectX8\DemoDirectX\Debug\link-rc.write.1.tlog
E:\Lap trinh\Projects\DirectX\MariO_nam2\DemoDirectX8\DemoDirectX\Debug\link.1260-cvtres.read.1.tlog
E:\Lap trinh\Projects\DirectX\MariO_nam2\DemoDirectX8\DemoDirectX\Debug\link.1260-cvtres.write.1.tlog
E:\Lap trinh\Projects\DirectX\MariO_nam2\DemoDirectX8\DemoDirectX\Debug\link.1260-rc.read.1.tlog
E:\Lap trinh\Projects\DirectX\MariO_nam2\DemoDirectX8\DemoDirectX\Debug\link.1260-rc.write.1.tlog
E:\Lap trinh\Projects\DirectX\MariO_nam2\DemoDirectX8\DemoDirectX\Debug\link.1260.read.1.tlog
E:\Lap trinh\Projects\DirectX\MariO_nam2\DemoDirectX8\DemoDirectX\Debug\link.1260.write.1.tlog
E:\Lap trinh\Projects\DirectX\MariO_nam2\DemoDirectX8\DemoDirectX\Debug\link.3248-cvtres.read.1.tlog
E:\Lap trinh\Projects\DirectX\MariO_nam2\DemoDirectX8\DemoDirectX\Debug\link.3248-cvtres.write.1.tlog
E:\Lap trinh\Projects\DirectX\MariO_nam2\DemoDirectX8\DemoDirectX\Debug\link.3248-rc.read.1.tlog
E:\Lap trinh\Projects\DirectX\MariO_nam2\DemoDirectX8\DemoDirectX\Debug\link.3248-rc.write.1.tlog
E:\Lap trinh\Projects\DirectX\MariO_nam2\DemoDirectX8\DemoDirectX\Debug\link.3248.read.1.tlog
E:\Lap trinh\Projects\DirectX\MariO_nam2\DemoDirectX8\DemoDirectX\Debug\link.3248.write.1.tlog
E:\Lap trinh\Projects\DirectX\MariO_nam2\DemoDirectX8\DemoDirectX\Debug\link.4112-cvtres.read.1.tlog
E:\Lap trinh\Projects\DirectX\MariO_nam2\DemoDirectX8\DemoDirectX\Debug\link.4112-cvtres.write.1.tlog
E:\Lap trinh\Projects\DirectX\MariO_nam2\DemoDirectX8\DemoDirectX\Debug\link.4112-rc.read.1.tlog
E:\Lap trinh\Projects\DirectX\MariO_nam2\DemoDirectX8\DemoDirectX\Debug\link.4112-rc.write.1.tlog
E:\Lap trinh\Projects\DirectX\MariO_nam2\DemoDirectX8\DemoDirectX\Debug\link.4112.read.1.tlog
E:\Lap trinh\Projects\DirectX\MariO_nam2\DemoDirectX8\DemoDirectX\Debug\link.4112.write.1.tlog
E:\Lap trinh\Projects\DirectX\MariO_nam2\DemoDirectX8\DemoDirectX\Debug\link.4256-cvtres.read.1.tlog
E:\Lap trinh\Projects\DirectX\MariO_nam2\DemoDirectX8\DemoDirectX\Debug\link.4256-cvtres.write.1.tlog
E:\Lap trinh\Projects\DirectX\MariO_nam2\DemoDirectX8\DemoDirectX\Debug\link.4256-rc.read.1.tlog
E:\Lap trinh\Projects\DirectX\MariO_nam2\DemoDirectX8\DemoDirectX\Debug\link.4256-rc.write.1.tlog
E:\Lap trinh\Projects\DirectX\MariO_nam2\DemoDirectX8\DemoDirectX\Debug\link.4256.read.1.tlog
E:\Lap trinh\Projects\DirectX\MariO_nam2\DemoDirectX8\DemoDirectX\Debug\link.4256.write.1.tlog
E:\Lap trinh\Projects\DirectX\MariO_nam2\DemoDirectX8\DemoDirectX\Debug\link.460-cvtres.read.1.tlog
E:\Lap trinh\Projects\DirectX\MariO_nam2\DemoDirectX8\DemoDirectX\Debug\link.460-cvtres.write.1.tlog
E:\Lap trinh\Projects\DirectX\MariO_nam2\DemoDirectX8\DemoDirectX\Debug\link.460-rc.read.1.tlog
E:\Lap trinh\Projects\DirectX\MariO_nam2\DemoDirectX8\DemoDirectX\Debug\link.460-rc.write.1.tlog
E:\Lap trinh\Projects\DirectX\MariO_nam2\DemoDirectX8\DemoDirectX\Debug\link.460.read.1.tlog
E:\Lap trinh\Projects\DirectX\MariO_nam2\DemoDirectX8\DemoDirectX\Debug\link.460.write.1.tlog
E:\Lap trinh\Projects\DirectX\MariO_nam2\DemoDirectX8\DemoDirectX\Debug\link.4976-cvtres.read.1.tlog
E:\Lap trinh\Projects\DirectX\MariO_nam2\DemoDirectX8\DemoDirectX\Debug\link.4976-cvtres.write.1.tlog
E:\Lap trinh\Projects\DirectX\MariO_nam2\DemoDirectX8\DemoDirectX\Debug\link.4976-rc.read.1.tlog
E:\Lap trinh\Projects\DirectX\MariO_nam2\DemoDirectX8\DemoDirectX\Debug\link.4976-rc.write.1.tlog
E:\Lap trinh\Projects\DirectX\MariO_nam2\DemoDirectX8\DemoDirectX\Debug\link.4976.read.1.tlog
E:\Lap trinh\Projects\DirectX\MariO_nam2\DemoDirectX8\DemoDirectX\Debug\link.4976.write.1.tlog
E:\Lap trinh\Projects\DirectX\MariO_nam2\DemoDirectX8\DemoDirectX\Debug\link.5552-cvtres.read.1.tlog
E:\Lap trinh\Projects\DirectX\MariO_nam2\DemoDirectX8\DemoDirectX\Debug\link.5552-cvtres.write.1.tlog
E:\Lap trinh\Projects\DirectX\MariO_nam2\DemoDirectX8\DemoDirectX\Debug\link.5552-rc.read.1.tlog
E:\Lap trinh\Projects\DirectX\MariO_nam2\DemoDirectX8\DemoDirectX\Debug\link.5552-rc.write.1.tlog
E:\Lap trinh\Projects\DirectX\MariO_nam2\DemoDirectX8\DemoDirectX\Debug\link.5552.read.1.tlog
E:\Lap trinh\Projects\DirectX\MariO_nam2\DemoDirectX8\DemoDirectX\Debug\link.5552.write.1.tlog
E:\Lap trinh\Projects\DirectX\MariO_nam2\DemoDirectX8\DemoDirectX\Debug\link.5852-cvtres.read.1.tlog
E:\Lap trinh\Projects\DirectX\MariO_nam2\DemoDirectX8\DemoDirectX\Debug\link.5852-cvtres.write.1.tlog
E:\Lap trinh\Projects\DirectX\MariO_nam2\DemoDirectX8\DemoDirectX\Debug\link.5852-rc.read.1.tlog
E:\Lap trinh\Projects\DirectX\MariO_nam2\DemoDirectX8\DemoDirectX\Debug\link.5852-rc.write.1.tlog
E:\Lap trinh\Projects\DirectX\MariO_nam2\DemoDirectX8\DemoDirectX\Debug\link.5852.read.1.tlog
E:\Lap trinh\Projects\DirectX\MariO_nam2\DemoDirectX8\DemoDirectX\Debug\link.5852.write.1.tlog
E:\Lap trinh\Projects\DirectX\MariO_nam2\DemoDirectX8\DemoDirectX\Debug\link.7164-cvtres.read.1.tlog
E:\Lap trinh\Projects\DirectX\MariO_nam2\DemoDirectX8\DemoDirectX\Debug\link.7164-cvtres.write.1.tlog
E:\Lap trinh\Projects\DirectX\MariO_nam2\DemoDirectX8\DemoDirectX\Debug\link.7164-rc.read.1.tlog
E:\Lap trinh\Projects\DirectX\MariO_nam2\DemoDirectX8\DemoDirectX\Debug\link.7164-rc.write.1.tlog
E:\Lap trinh\Projects\DirectX\MariO_nam2\DemoDirectX8\DemoDirectX\Debug\link.7164.read.1.tlog
E:\Lap trinh\Projects\DirectX\MariO_nam2\DemoDirectX8\DemoDirectX\Debug\link.7164.write.1.tlog
E:\Lap trinh\Projects\DirectX\MariO_nam2\DemoDirectX8\DemoDirectX\Debug\link.command.1.tlog
E:\Lap trinh\Projects\DirectX\MariO_nam2\DemoDirectX8\DemoDirectX\Debug\link.read.1.tlog
E:\Lap trinh\Projects\DirectX\MariO_nam2\DemoDirectX8\DemoDirectX\Debug\link.write.1.tlog
E:\Lap trinh\Projects\DirectX\MariO_nam2\DemoDirectX8\DemoDirectX\Debug\vc110.idb
E:\Lap trinh\Projects\DirectX\MariO_nam2\DemoDirectX8\DemoDirectX\Debug\vc110.pdb
E:\Lap trinh\Projects\DirectX\MariO_nam2\DemoDirectX8\Debug\DemoDirectX.pdb
E:\Lap trinh\Projects\DirectX\MariO_nam2\DemoDirectX8\Debug\DemoDirectX.exe
E:\Lap trinh\Projects\DirectX\MariO_nam2\DemoDirectX8\Debug\DemoDirectX.ilk
