Build started 3/29/2015 6:16:52 PM.
     1>Project "C:\Users\LePhuoc\Documents\Visual Studio 2012\Projects\Rockman\Rockman\Rockman.vcxproj" on node 2 (Build target(s)).
     1>ClCompile:
         C:\Program Files (x86)\Microsoft Visual Studio 11.0\VC\bin\CL.exe /c /ZI /nologo /W3 /WX- /sdl /Od /Oy- /D WIN32 /D _DEBUG /D _WINDOWS /D _MBCS /Gm /EHsc /RTC1 /MDd /GS /fp:precise /Zc:wchar_t /Zc:forScope /Fo"Debug\\" /Fd"Debug\vc110.pdb" /Gd /TP /analyze- /errorReport:prompt Rockman.cpp
         Rockman.cpp
         c:\program files (x86)\microsoft directx sdk (june 2010)\include\dinput.h: DIRECTINPUT_VERSION undefined. Defaulting to version 0x0800
     1>c:\users\lephuoc\documents\visual studio 2012\projects\rockman\rockman\rockman.cpp(24): warning C4244: 'argument' : conversion from 'float' to 'LONG', possible loss of data
     1>c:\users\lephuoc\documents\visual studio 2012\projects\rockman\rockman\rockman.cpp(38): warning C4154: deletion of an array expression; conversion to pointer supplied
     1>c:\users\lephuoc\documents\visual studio 2012\projects\rockman\rockman\rockman.cpp(131): warning C4305: 'argument' : truncation from 'double' to 'float'
     1>c:\users\lephuoc\documents\visual studio 2012\projects\rockman\rockman\rockman.cpp(182): warning C4244: 'argument' : conversion from 'float' to 'LONG', possible loss of data
       Link:
         C:\Program Files (x86)\Microsoft Visual Studio 11.0\VC\bin\link.exe /ERRORREPORT:PROMPT /OUT:"C:\Users\LePhuoc\Documents\Visual Studio 2012\Projects\Rockman\Debug\Rockman.exe" /INCREMENTAL /NOLOGO dxerr.lib dsound.lib winmm.lib gdi32.lib dinput8.lib d3dx9.lib d3d9.lib kernel32.lib user32.lib dxguid.lib winspool.lib comdlg32.lib advapi32.lib shell32.lib ole32.lib oleaut32.lib uuid.lib gdiplus.lib odbc32.lib odbccp32.lib kernel32.lib user32.lib gdi32.lib winspool.lib comdlg32.lib advapi32.lib shell32.lib ole32.lib oleaut32.lib uuid.lib odbc32.lib odbccp32.lib /MANIFEST /MANIFESTUAC:"level='asInvoker' uiAccess='false'" /manifest:embed /DEBUG /PDB:"C:\Users\LePhuoc\Documents\Visual Studio 2012\Projects\Rockman\Debug\Rockman.pdb" /SUBSYSTEM:WINDOWS /TLBID:1 /DYNAMICBASE /NXCOMPAT /IMPLIB:"C:\Users\LePhuoc\Documents\Visual Studio 2012\Projects\Rockman\Debug\Rockman.lib" /MACHINE:X86 Debug\CusRect.obj
         Debug\Game.obj
         Debug\ResourceManager.obj
         Debug\Rockman.obj
         Debug\RockmanGame.obj
         Debug\Sprite.obj
         Debug\StaticObject.obj
         Debug\utils.obj
         Debug\winmain.obj
         Rockman.vcxproj -> C:\Users\LePhuoc\Documents\Visual Studio 2012\Projects\Rockman\Debug\Rockman.exe
     1>Done Building Project "C:\Users\LePhuoc\Documents\Visual Studio 2012\Projects\Rockman\Rockman\Rockman.vcxproj" (Build target(s)).

Build succeeded.

Time Elapsed 00:00:03.40
